        -:    0:Source:cov.c
        -:    0:Graph:a-cov.gcno
        -:    0:Data:a-cov.gcda
        -:    0:Runs:1
        -:    1:/** Coverage how many times each line of code is executed
        -:    2:* 1. gcc -Wall -fprofile-arcs -ftest-coverage cov.c
        -:    3:* 2. ./a.out
        -:    4:* 3. gcov cov.c
        -:    5:*/
        -:    6:#include <stdio.h>
        -:    7:
        1:    8:int main(void) {
        -:    9:	int i;
       10:   10:	for (i=1; i<10; i++) {
        9:   11:		if (i%3 == 0)
        3:   12:			printf("%d is divisible by 3\n", i);
        9:   13:		if (i%11 == 0)
    #####:   14:			printf("%d is divisible by 11\n", i);
        -:   15:	}
        1:   16:	return 0;
        -:   17:}
        -:   18:
        -:   19:
